<?xml version="1.0" encoding="UTF-8"?>
<!-- Generated by org.testng.reporters.JUnitXMLReporter -->
<testsuite ignored="0" hostname="EC2AMAZ-R6JVPGJ" failures="1" tests="1" name="Surefire test" time="16.241" errors="0" timestamp="17 Feb 2020 12:53:33 GMT">
  <testcase classname="com.accelacrm.test.CitizenTest" name="verifyToManageAccount" time="7.098">
    <failure type="com.accelacrm.test.framework.selenium.exception.FrameworkException" message="com.accelacrm.test.framework.selenium.exception.FrameworkException: org.openqa.selenium.NoSuchElementException: no such element: Unable to locate element: {&amp;quot;method&amp;quot;:&amp;quot;xpath&amp;quot;,&amp;quot;selector&amp;quot;:&amp;quot;//li[@class=&amp;apos;dropdown&amp;apos;]/descendant::img[@class=&amp;apos;navbar-img&amp;apos;]&amp;quot;}
  (Session info: chrome=80.0.3987.106)
For documentation on this error, please visit: http://seleniumhq.org/exceptions/no_such_element.html
Build info: version: &amp;apos;3.141.0&amp;apos;, revision: &amp;apos;2ecb7d9a&amp;apos;, time: &amp;apos;2018-10-31T20:09:30&amp;apos;
System info: host: &amp;apos;EC2AMAZ-R6JVPGJ&amp;apos;, ip: &amp;apos;10.30.62.98&amp;apos;, os.name: &amp;apos;Windows Server 2016&amp;apos;, os.arch: &amp;apos;amd64&amp;apos;, os.version: &amp;apos;10.0&amp;apos;, java.version: &amp;apos;13.0.2&amp;apos;
Driver info: org.openqa.selenium.chrome.ChromeDriver
Capabilities {acceptInsecureCerts: false, browserName: chrome, browserVersion: 80.0.3987.106, chrome: {chromedriverVersion: 79.0.3945.36 (3582db32b3389..., userDataDir: D:\Users\ureddy\AppData\Loc...}, goog:chromeOptions: {debuggerAddress: localhost:65237}, javascriptEnabled: true, networkConnectionEnabled: false, pageLoadStrategy: normal, platform: WINDOWS, platformName: WINDOWS, proxy: Proxy(), setWindowRect: true, strictFileInteractability: false, timeouts: {implicit: 0, pageLoad: 300000, script: 30000}, unhandledPromptBehavior: dismiss and notify}
Session ID: 2beca4a4c699bd976ef561db89b0449a
*** Element info: {Using=xpath, value=//li[@class=&amp;apos;dropdown&amp;apos;]/descendant::img[@class=&amp;apos;navbar-img&amp;apos;]}">
      <![CDATA[com.accelacrm.test.framework.selenium.exception.FrameworkException: com.accelacrm.test.framework.selenium.exception.FrameworkException: org.openqa.selenium.NoSuchElementException: no such element: Unable to locate element: {"method":"xpath","selector":"//li[@class='dropdown']/descendant::img[@class='navbar-img']"}
  (Session info: chrome=80.0.3987.106)
For documentation on this error, please visit: http://seleniumhq.org/exceptions/no_such_element.html
Build info: version: '3.141.0', revision: '2ecb7d9a', time: '2018-10-31T20:09:30'
System info: host: 'EC2AMAZ-R6JVPGJ', ip: '10.30.62.98', os.name: 'Windows Server 2016', os.arch: 'amd64', os.version: '10.0', java.version: '13.0.2'
Driver info: org.openqa.selenium.chrome.ChromeDriver
Capabilities {acceptInsecureCerts: false, browserName: chrome, browserVersion: 80.0.3987.106, chrome: {chromedriverVersion: 79.0.3945.36 (3582db32b3389..., userDataDir: D:\Users\ureddy\AppData\Loc...}, goog:chromeOptions: {debuggerAddress: localhost:65237}, javascriptEnabled: true, networkConnectionEnabled: false, pageLoadStrategy: normal, platform: WINDOWS, platformName: WINDOWS, proxy: Proxy(), setWindowRect: true, strictFileInteractability: false, timeouts: {implicit: 0, pageLoad: 300000, script: 30000}, unhandledPromptBehavior: dismiss and notify}
Session ID: 2beca4a4c699bd976ef561db89b0449a
*** Element info: {Using=xpath, value=//li[@class='dropdown']/descendant::img[@class='navbar-img']}
at com.accelacrm.test.pages.citizens.CitizensHomePage.goToModifyUserAccount(CitizensHomePage.java:51)
at com.accelacrm.test.CitizenTest.verifyToManageAccount(CitizenTest.java:17)
... Removed 29 stack frames]]>
    </failure>
  </testcase> <!-- verifyToManageAccount -->
</testsuite> <!-- Surefire test -->
