<?xml version="1.0" encoding="UTF-8"?>
<!-- Generated by org.testng.reporters.JUnitXMLReporter -->
<testsuite ignored="0" hostname="EC2AMAZ-R6JVPGJ" failures="0" tests="17" name="Default test" time="5.231" errors="0" timestamp="2020-02-18T08:51:59 IST">
  <testcase classname="com.accelacrm.test.framework.selenium.TestBaseClass" name="@BeforeMethod setupBeforeMethod" time="5.021">
    <failure type="com.accelacrm.test.framework.selenium.exception.FrameworkException" message="java.lang.NullPointerException">
      <![CDATA[com.accelacrm.test.framework.selenium.exception.FrameworkException: java.lang.NullPointerException
at com.accelacrm.test.pages.citizen.login.LoginPage.login(LoginPage.java:66)
at com.accelacrm.test.framework.selenium.TestBaseClass.loginSetup(TestBaseClass.java:63)
at com.accelacrm.test.framework.selenium.TestBaseClass.setupBeforeMethod(TestBaseClass.java:50)
at java.base/jdk.internal.reflect.NativeMethodAccessorImpl.invoke0(Native Method)
at java.base/jdk.internal.reflect.NativeMethodAccessorImpl.invoke(NativeMethodAccessorImpl.java:62)
at java.base/jdk.internal.reflect.DelegatingMethodAccessorImpl.invoke(DelegatingMethodAccessorImpl.java:43)
at java.base/java.lang.reflect.Method.invoke(Method.java:567)
at org.testng.internal.MethodInvocationHelper.invokeMethod(MethodInvocationHelper.java:133)
at org.testng.internal.MethodInvocationHelper.invokeMethodConsideringTimeout(MethodInvocationHelper.java:62)
at org.testng.internal.ConfigInvoker.invokeConfigurationMethod(ConfigInvoker.java:340)
at org.testng.internal.ConfigInvoker.invokeConfigurations(ConfigInvoker.java:294)
at org.testng.internal.TestInvoker.runConfigMethods(TestInvoker.java:683)
at org.testng.internal.TestInvoker.invokeMethod(TestInvoker.java:510)
at org.testng.internal.TestInvoker.invokeTestMethod(TestInvoker.java:172)
at org.testng.internal.MethodRunner.runInSequence(MethodRunner.java:46)
at org.testng.internal.TestInvoker$MethodInvocationAgent.invoke(TestInvoker.java:804)
at org.testng.internal.TestInvoker.invokeTestMethods(TestInvoker.java:145)
at org.testng.internal.TestMethodWorker.invokeTestMethods(TestMethodWorker.java:146)
at org.testng.internal.TestMethodWorker.run(TestMethodWorker.java:128)
at java.base/java.util.ArrayList.forEach(ArrayList.java:1507)
at org.testng.TestRunner.privateRun(TestRunner.java:770)
at org.testng.TestRunner.run(TestRunner.java:591)
at org.testng.SuiteRunner.runTest(SuiteRunner.java:402)
at org.testng.SuiteRunner.runSequentially(SuiteRunner.java:396)
at org.testng.SuiteRunner.privateRun(SuiteRunner.java:355)
at org.testng.SuiteRunner.run(SuiteRunner.java:304)
at org.testng.SuiteRunnerWorker.runSuite(SuiteRunnerWorker.java:53)
at org.testng.SuiteRunnerWorker.run(SuiteRunnerWorker.java:96)
at org.testng.TestNG.runSuitesSequentially(TestNG.java:1180)
at org.testng.TestNG.runSuitesLocally(TestNG.java:1102)
at org.testng.TestNG.runSuites(TestNG.java:1032)
at org.testng.TestNG.run(TestNG.java:1000)
at org.testng.remote.AbstractRemoteTestNG.run(AbstractRemoteTestNG.java:115)
at org.testng.remote.RemoteTestNG.initAndRun(RemoteTestNG.java:251)
at org.testng.remote.RemoteTestNG.main(RemoteTestNG.java:77)
]]>
    </failure>
  </testcase> <!-- @BeforeMethod setupBeforeMethod -->
  <testcase classname="com.accelacrm.test.framework.selenium.TestBaseClass" name="@AfterMethod tearDownAfterMethod" time="-1.581996118935E9">
    <skipped/>
  </testcase> <!-- @AfterMethod tearDownAfterMethod -->
  <testcase classname="com.accelacrm.test.framework.selenium.TestBaseClass" name="@BeforeMethod setupBeforeMethod" time="-1.581996118938E9">
    <skipped/>
  </testcase> <!-- @BeforeMethod setupBeforeMethod -->
  <testcase classname="com.accelacrm.test.framework.selenium.TestBaseClass" name="@AfterMethod tearDownAfterMethod" time="-1.581996118948E9">
    <skipped/>
  </testcase> <!-- @AfterMethod tearDownAfterMethod -->
  <testcase classname="com.accelacrm.test.framework.selenium.TestBaseClass" name="@BeforeMethod setupBeforeMethod" time="-1.58199611895E9">
    <skipped/>
  </testcase> <!-- @BeforeMethod setupBeforeMethod -->
  <testcase classname="com.accelacrm.test.framework.selenium.TestBaseClass" name="@AfterMethod tearDownAfterMethod" time="-1.58199611896E9">
    <skipped/>
  </testcase> <!-- @AfterMethod tearDownAfterMethod -->
  <testcase classname="com.accelacrm.test.framework.selenium.TestBaseClass" name="@BeforeMethod setupBeforeMethod" time="-1.581996118964E9">
    <skipped/>
  </testcase> <!-- @BeforeMethod setupBeforeMethod -->
  <testcase classname="com.accelacrm.test.framework.selenium.TestBaseClass" name="@AfterMethod tearDownAfterMethod" time="-1.58199611897E9">
    <skipped/>
  </testcase> <!-- @AfterMethod tearDownAfterMethod -->
  <testcase classname="com.accelacrm.test.framework.selenium.TestBaseClass" name="@BeforeMethod setupBeforeMethod" time="-1.581996118971E9">
    <skipped/>
  </testcase> <!-- @BeforeMethod setupBeforeMethod -->
  <testcase classname="com.accelacrm.test.framework.selenium.TestBaseClass" name="@AfterMethod tearDownAfterMethod" time="-1.581996118975E9">
    <skipped/>
  </testcase> <!-- @AfterMethod tearDownAfterMethod -->
  <testcase classname="com.accelacrm.test.framework.selenium.TestBaseClass" name="@BeforeMethod setupBeforeMethod" time="-1.581996118977E9">
    <skipped/>
  </testcase> <!-- @BeforeMethod setupBeforeMethod -->
  <testcase classname="com.accelacrm.test.framework.selenium.TestBaseClass" name="@AfterMethod tearDownAfterMethod" time="-1.581996118995E9">
    <skipped/>
  </testcase> <!-- @AfterMethod tearDownAfterMethod -->
  <testcase classname="com.accelacrm.test.framework.selenium.TestBaseClass" name="@BeforeMethod setupBeforeMethod" time="-1.581996118996E9">
    <skipped/>
  </testcase> <!-- @BeforeMethod setupBeforeMethod -->
  <testcase classname="com.accelacrm.test.framework.selenium.TestBaseClass" name="@AfterMethod tearDownAfterMethod" time="-1.581996119003E9">
    <skipped/>
  </testcase> <!-- @AfterMethod tearDownAfterMethod -->
  <testcase classname="com.accelacrm.test.framework.selenium.TestBaseClass" name="@BeforeMethod setupBeforeMethod" time="-1.581996119004E9">
    <skipped/>
  </testcase> <!-- @BeforeMethod setupBeforeMethod -->
  <testcase classname="com.accelacrm.test.framework.selenium.TestBaseClass" name="@AfterMethod tearDownAfterMethod" time="-1.581996119031E9">
    <skipped/>
  </testcase> <!-- @AfterMethod tearDownAfterMethod -->
  <testcase classname="com.accelacrm.test.framework.selenium.TestBaseClass" name="@BeforeMethod setupBeforeMethod" time="-1.581996119037E9">
    <skipped/>
  </testcase> <!-- @BeforeMethod setupBeforeMethod -->
  <testcase classname="com.accelacrm.test.framework.selenium.TestBaseClass" name="@AfterMethod tearDownAfterMethod" time="-1.581996119043E9">
    <skipped/>
  </testcase> <!-- @AfterMethod tearDownAfterMethod -->
  <testcase classname="com.accelacrm.test.framework.selenium.TestBaseClass" name="@BeforeMethod setupBeforeMethod" time="-1.581996119049E9">
    <skipped/>
  </testcase> <!-- @BeforeMethod setupBeforeMethod -->
  <testcase classname="com.accelacrm.test.framework.selenium.TestBaseClass" name="@AfterMethod tearDownAfterMethod" time="-1.581996119056E9">
    <skipped/>
  </testcase> <!-- @AfterMethod tearDownAfterMethod -->
  <testcase classname="com.accelacrm.test.framework.selenium.TestBaseClass" name="@BeforeMethod setupBeforeMethod" time="-1.581996119058E9">
    <skipped/>
  </testcase> <!-- @BeforeMethod setupBeforeMethod -->
  <testcase classname="com.accelacrm.test.framework.selenium.TestBaseClass" name="@AfterMethod tearDownAfterMethod" time="-1.581996119063E9">
    <skipped/>
  </testcase> <!-- @AfterMethod tearDownAfterMethod -->
  <testcase classname="com.accelacrm.test.framework.selenium.TestBaseClass" name="@BeforeMethod setupBeforeMethod" time="-1.581996119066E9">
    <skipped/>
  </testcase> <!-- @BeforeMethod setupBeforeMethod -->
  <testcase classname="com.accelacrm.test.framework.selenium.TestBaseClass" name="@AfterMethod tearDownAfterMethod" time="-1.58199611907E9">
    <skipped/>
  </testcase> <!-- @AfterMethod tearDownAfterMethod -->
  <testcase classname="com.accelacrm.test.framework.selenium.TestBaseClass" name="@BeforeMethod setupBeforeMethod" time="-1.581996119071E9">
    <skipped/>
  </testcase> <!-- @BeforeMethod setupBeforeMethod -->
  <testcase classname="com.accelacrm.test.framework.selenium.TestBaseClass" name="@AfterMethod tearDownAfterMethod" time="-1.581996119076E9">
    <skipped/>
  </testcase> <!-- @AfterMethod tearDownAfterMethod -->
  <testcase classname="com.accelacrm.test.framework.selenium.TestBaseClass" name="@BeforeMethod setupBeforeMethod" time="-1.581996119078E9">
    <skipped/>
  </testcase> <!-- @BeforeMethod setupBeforeMethod -->
  <testcase classname="com.accelacrm.test.framework.selenium.TestBaseClass" name="@AfterMethod tearDownAfterMethod" time="-1.581996119081E9">
    <skipped/>
  </testcase> <!-- @AfterMethod tearDownAfterMethod -->
  <testcase classname="com.accelacrm.test.framework.selenium.TestBaseClass" name="@BeforeMethod setupBeforeMethod" time="-1.581996119082E9">
    <skipped/>
  </testcase> <!-- @BeforeMethod setupBeforeMethod -->
  <testcase classname="com.accelacrm.test.framework.selenium.TestBaseClass" name="@AfterMethod tearDownAfterMethod" time="-1.581996119087E9">
    <skipped/>
  </testcase> <!-- @AfterMethod tearDownAfterMethod -->
  <testcase classname="com.accelacrm.test.framework.selenium.TestBaseClass" name="@BeforeMethod setupBeforeMethod" time="-1.581996119088E9">
    <skipped/>
  </testcase> <!-- @BeforeMethod setupBeforeMethod -->
  <testcase classname="com.accelacrm.test.framework.selenium.TestBaseClass" name="@AfterMethod tearDownAfterMethod" time="-1.581996119093E9">
    <skipped/>
  </testcase> <!-- @AfterMethod tearDownAfterMethod -->
  <testcase classname="com.accelacrm.test.framework.selenium.TestBaseClass" name="@BeforeMethod setupBeforeMethod" time="-1.581996119094E9">
    <skipped/>
  </testcase> <!-- @BeforeMethod setupBeforeMethod -->
  <testcase classname="com.accelacrm.test.framework.selenium.TestBaseClass" name="@AfterMethod tearDownAfterMethod" time="-1.581996119098E9">
    <skipped/>
  </testcase> <!-- @AfterMethod tearDownAfterMethod -->
  <testcase classname="com.accelacrm.test.GovDepartmentTest" name="CreateToPublicPeople" time="0.0">
    <skipped/>
  </testcase> <!-- CreateToPublicPeople -->
  <testcase classname="com.accelacrm.test.GovDepartmentTest" name="createNewReport" time="0.0">
    <skipped/>
  </testcase> <!-- createNewReport -->
  <testcase classname="com.accelacrm.test.GovDepartmentTest" name="createToDepartmentName" time="0.0">
    <skipped/>
  </testcase> <!-- createToDepartmentName -->
  <testcase classname="com.accelacrm.test.GovDepartmentTest" name="createToFAQ" time="0.0">
    <skipped/>
  </testcase> <!-- createToFAQ -->
  <testcase classname="com.accelacrm.test.GovDepartmentTest" name="createToManageRequestType" time="0.0">
    <skipped/>
  </testcase> <!-- createToManageRequestType -->
  <testcase classname="com.accelacrm.test.GovDepartmentTest" name="createToManageWorkflow" time="0.0">
    <skipped/>
  </testcase> <!-- createToManageWorkflow -->
  <testcase classname="com.accelacrm.test.GovDepartmentTest" name="createToNewReuest" time="0.0">
    <skipped/>
  </testcase> <!-- createToNewReuest -->
  <testcase classname="com.accelacrm.test.GovDepartmentTest" name="createToPlaces" time="0.0">
    <skipped/>
  </testcase> <!-- createToPlaces -->
  <testcase classname="com.accelacrm.test.GovDepartmentTest" name="createToUsers" time="0.0">
    <skipped/>
  </testcase> <!-- createToUsers -->
  <testcase classname="com.accelacrm.test.GovDepartmentTest" name="goToAddCustomFieldForRequestType" time="0.0">
    <skipped/>
  </testcase> <!-- goToAddCustomFieldForRequestType -->
  <testcase classname="com.accelacrm.test.GovDepartmentTest" name="goToModifyManageRequestType" time="0.0">
    <skipped/>
  </testcase> <!-- goToModifyManageRequestType -->
  <testcase classname="com.accelacrm.test.GovDepartmentTest" name="goToNewUser" time="0.0">
    <skipped/>
  </testcase> <!-- goToNewUser -->
  <testcase classname="com.accelacrm.test.GovDepartmentTest" name="goToSearchGlobal" time="0.0">
    <skipped/>
  </testcase> <!-- goToSearchGlobal -->
  <testcase classname="com.accelacrm.test.GovDepartmentTest" name="modifyToFAQ" time="0.0">
    <skipped/>
  </testcase> <!-- modifyToFAQ -->
  <testcase classname="com.accelacrm.test.GovDepartmentTest" name="modifyToPublicPeople" time="0.0">
    <skipped/>
  </testcase> <!-- modifyToPublicPeople -->
  <testcase classname="com.accelacrm.test.GovDepartmentTest" name="modifyToeWorkflow" time="0.0">
    <skipped/>
  </testcase> <!-- modifyToeWorkflow -->
  <testcase classname="com.accelacrm.test.GovDepartmentTest" name="shareReportsToUser" time="0.0">
    <skipped/>
  </testcase> <!-- shareReportsToUser -->
</testsuite> <!-- Default test -->
