<?xml version="1.0" encoding="UTF-8"?>
<testng-results ignored="0" total="1" passed="0" failed="1" skipped="0">
  <reporter-output>
  </reporter-output>
  <suite started-at="2020-02-17T12:53:17Z" name="Surefire suite" finished-at="2020-02-17T12:53:33Z" duration-ms="16241">
    <groups>
    </groups>
    <test started-at="2020-02-17T12:53:17Z" name="Surefire test" finished-at="2020-02-17T12:53:33Z" duration-ms="16241">
      <class name="com.accelacrm.test.CitizenTest">
        <test-method is-config="true" signature="setupTest(org.testng.ITestContext)[pri:0, instance:com.accelacrm.test.CitizenTest@262b2c86]" started-at="2020-02-17T12:53:17Z" name="setupTest" finished-at="2020-02-17T12:53:17Z" duration-ms="301" status="PASS">
          <params>
            <param index="0">
              <value>
                <![CDATA[org.testng.TestRunner@44e3760b]]>
              </value>
            </param>
          </params>
          <reporter-output>
          </reporter-output>
        </test-method> <!-- setupTest -->
        <test-method is-config="true" signature="setupBeforeMethod(java.lang.reflect.Method, org.testng.ITestContext)[pri:0, instance:com.accelacrm.test.CitizenTest@262b2c86]" started-at="2020-02-17T12:53:17Z" name="setupBeforeMethod" finished-at="2020-02-17T12:53:26Z" duration-ms="8403" status="PASS">
          <params>
            <param index="0">
              <value>
                <![CDATA[public void com.accelacrm.test.CitizenTest.verifyToManageAccount()]]>
              </value>
            </param>
            <param index="1">
              <value>
                <![CDATA[org.testng.TestRunner@44e3760b]]>
              </value>
            </param>
          </params>
          <reporter-output>
          </reporter-output>
        </test-method> <!-- setupBeforeMethod -->
        <test-method signature="verifyToManageAccount()[pri:0, instance:com.accelacrm.test.CitizenTest@262b2c86]" started-at="2020-02-17T12:53:26Z" name="verifyToManageAccount" finished-at="2020-02-17T12:53:33Z" duration-ms="7098" status="FAIL">
          <exception class="com.accelacrm.test.framework.selenium.exception.FrameworkException">
            <message>
              <![CDATA[com.accelacrm.test.framework.selenium.exception.FrameworkException: org.openqa.selenium.NoSuchElementException: no such element: Unable to locate element: {"method":"xpath","selector":"//li[@class='dropdown']/descendant::img[@class='navbar-img']"}
  (Session info: chrome=80.0.3987.106)
For documentation on this error, please visit: http://seleniumhq.org/exceptions/no_such_element.html
Build info: version: '3.141.0', revision: '2ecb7d9a', time: '2018-10-31T20:09:30'
System info: host: 'EC2AMAZ-R6JVPGJ', ip: '10.30.62.98', os.name: 'Windows Server 2016', os.arch: 'amd64', os.version: '10.0', java.version: '13.0.2'
Driver info: org.openqa.selenium.chrome.ChromeDriver
Capabilities {acceptInsecureCerts: false, browserName: chrome, browserVersion: 80.0.3987.106, chrome: {chromedriverVersion: 79.0.3945.36 (3582db32b3389..., userDataDir: D:\Users\ureddy\AppData\Loc...}, goog:chromeOptions: {debuggerAddress: localhost:65237}, javascriptEnabled: true, networkConnectionEnabled: false, pageLoadStrategy: normal, platform: WINDOWS, platformName: WINDOWS, proxy: Proxy(), setWindowRect: true, strictFileInteractability: false, timeouts: {implicit: 0, pageLoad: 300000, script: 30000}, unhandledPromptBehavior: dismiss and notify}
Session ID: 2beca4a4c699bd976ef561db89b0449a
*** Element info: {Using=xpath, value=//li[@class='dropdown']/descendant::img[@class='navbar-img']}]]>
            </message>
            <full-stacktrace>
              <![CDATA[com.accelacrm.test.framework.selenium.exception.FrameworkException: com.accelacrm.test.framework.selenium.exception.FrameworkException: org.openqa.selenium.NoSuchElementException: no such element: Unable to locate element: {"method":"xpath","selector":"//li[@class='dropdown']/descendant::img[@class='navbar-img']"}
  (Session info: chrome=80.0.3987.106)
For documentation on this error, please visit: http://seleniumhq.org/exceptions/no_such_element.html
Build info: version: '3.141.0', revision: '2ecb7d9a', time: '2018-10-31T20:09:30'
System info: host: 'EC2AMAZ-R6JVPGJ', ip: '10.30.62.98', os.name: 'Windows Server 2016', os.arch: 'amd64', os.version: '10.0', java.version: '13.0.2'
Driver info: org.openqa.selenium.chrome.ChromeDriver
Capabilities {acceptInsecureCerts: false, browserName: chrome, browserVersion: 80.0.3987.106, chrome: {chromedriverVersion: 79.0.3945.36 (3582db32b3389..., userDataDir: D:\Users\ureddy\AppData\Loc...}, goog:chromeOptions: {debuggerAddress: localhost:65237}, javascriptEnabled: true, networkConnectionEnabled: false, pageLoadStrategy: normal, platform: WINDOWS, platformName: WINDOWS, proxy: Proxy(), setWindowRect: true, strictFileInteractability: false, timeouts: {implicit: 0, pageLoad: 300000, script: 30000}, unhandledPromptBehavior: dismiss and notify}
Session ID: 2beca4a4c699bd976ef561db89b0449a
*** Element info: {Using=xpath, value=//li[@class='dropdown']/descendant::img[@class='navbar-img']}
at com.accelacrm.test.pages.citizens.CitizensHomePage.goToModifyUserAccount(CitizensHomePage.java:51)
at com.accelacrm.test.CitizenTest.verifyToManageAccount(CitizenTest.java:17)
at java.base/jdk.internal.reflect.NativeMethodAccessorImpl.invoke0(Native Method)
at java.base/jdk.internal.reflect.NativeMethodAccessorImpl.invoke(NativeMethodAccessorImpl.java:62)
at java.base/jdk.internal.reflect.DelegatingMethodAccessorImpl.invoke(DelegatingMethodAccessorImpl.java:43)
at java.base/java.lang.reflect.Method.invoke(Method.java:567)
at org.testng.internal.MethodInvocationHelper.invokeMethod(MethodInvocationHelper.java:124)
at org.testng.internal.Invoker.invokeMethod(Invoker.java:583)
at org.testng.internal.Invoker.invokeTestMethod(Invoker.java:719)
at org.testng.internal.Invoker.invokeTestMethods(Invoker.java:989)
at org.testng.internal.TestMethodWorker.invokeTestMethods(TestMethodWorker.java:125)
at org.testng.internal.TestMethodWorker.run(TestMethodWorker.java:109)
at org.testng.TestRunner.privateRun(TestRunner.java:648)
at org.testng.TestRunner.run(TestRunner.java:505)
at org.testng.SuiteRunner.runTest(SuiteRunner.java:455)
at org.testng.SuiteRunner.runSequentially(SuiteRunner.java:450)
at org.testng.SuiteRunner.privateRun(SuiteRunner.java:415)
at org.testng.SuiteRunner.run(SuiteRunner.java:364)
at org.testng.SuiteRunnerWorker.runSuite(SuiteRunnerWorker.java:52)
at org.testng.SuiteRunnerWorker.run(SuiteRunnerWorker.java:84)
at org.testng.TestNG.runSuitesSequentially(TestNG.java:1208)
at org.testng.TestNG.runSuitesLocally(TestNG.java:1137)
at org.testng.TestNG.runSuites(TestNG.java:1049)
at org.testng.TestNG.run(TestNG.java:1017)
at org.apache.maven.surefire.testng.TestNGExecutor.run(TestNGExecutor.java:132)
at org.apache.maven.surefire.testng.TestNGDirectoryTestSuite.executeSingleClass(TestNGDirectoryTestSuite.java:112)
at org.apache.maven.surefire.testng.TestNGDirectoryTestSuite.execute(TestNGDirectoryTestSuite.java:99)
at org.apache.maven.surefire.testng.TestNGProvider.invoke(TestNGProvider.java:147)
at org.apache.maven.surefire.booter.ForkedBooter.invokeProviderInSameClassLoader(ForkedBooter.java:290)
at org.apache.maven.surefire.booter.ForkedBooter.runSuitesInProcess(ForkedBooter.java:242)
at org.apache.maven.surefire.booter.ForkedBooter.main(ForkedBooter.java:121)
]]>
            </full-stacktrace>
          </exception> <!-- com.accelacrm.test.framework.selenium.exception.FrameworkException -->
          <reporter-output>
          </reporter-output>
        </test-method> <!-- verifyToManageAccount -->
        <test-method is-config="true" signature="tearDownAfterMethod(org.testng.ITestContext)[pri:0, instance:com.accelacrm.test.CitizenTest@262b2c86]" started-at="2020-02-17T12:53:33Z" name="tearDownAfterMethod" finished-at="2020-02-17T12:53:33Z" duration-ms="717" status="PASS">
          <params>
            <param index="0">
              <value>
                <![CDATA[org.testng.TestRunner@44e3760b]]>
              </value>
            </param>
          </params>
          <reporter-output>
          </reporter-output>
        </test-method> <!-- tearDownAfterMethod -->
      </class> <!-- com.accelacrm.test.CitizenTest -->
    </test> <!-- Surefire test -->
  </suite> <!-- Surefire suite -->
</testng-results>
